<?xml version="1.0" encoding="UTF-8"?>
<<<<<<< HEAD
<testsuite name="Gradle Test Executor 1" tests="1" skipped="0" failures="1" errors="0" timestamp="2017-04-18T14:55:36" hostname="zhukov" time="0.183">
  <properties/>
  <testcase name="execution failure" classname="Gradle Test Executor 1" time="0.183">
=======
<testsuite name="Gradle Test Executor 1" tests="1" skipped="0" failures="1" errors="0" timestamp="2017-04-18T20:03:26" hostname="WIN-VSM1A08GRLN" time="0.282">
  <properties/>
  <testcase name="execution failure" classname="Gradle Test Executor 1" time="0.282">
>>>>>>> development
    <failure message="org.gradle.api.internal.tasks.testing.TestSuiteExecutionException: Could not complete execution for Gradle Test Executor 1." type="org.gradle.api.internal.tasks.testing.TestSuiteExecutionException">org.gradle.api.internal.tasks.testing.TestSuiteExecutionException: Could not complete execution for Gradle Test Executor 1.
	at org.gradle.api.internal.tasks.testing.SuiteTestClassProcessor.stop(SuiteTestClassProcessor.java:63)
	at sun.reflect.NativeMethodAccessorImpl.invoke0(Native Method)
	at sun.reflect.NativeMethodAccessorImpl.invoke(NativeMethodAccessorImpl.java:62)
	at sun.reflect.DelegatingMethodAccessorImpl.invoke(DelegatingMethodAccessorImpl.java:43)
	at java.lang.reflect.Method.invoke(Method.java:498)
	at org.gradle.internal.dispatch.ReflectionDispatch.dispatch(ReflectionDispatch.java:35)
	at org.gradle.internal.dispatch.ReflectionDispatch.dispatch(ReflectionDispatch.java:24)
	at org.gradle.internal.dispatch.ContextClassLoaderDispatch.dispatch(ContextClassLoaderDispatch.java:32)
	at org.gradle.internal.dispatch.ProxyDispatchAdapter$DispatchingInvocationHandler.invoke(ProxyDispatchAdapter.java:93)
	at com.sun.proxy.$Proxy3.stop(Unknown Source)
	at org.gradle.api.internal.tasks.testing.worker.TestWorker.stop(TestWorker.java:120)
	at sun.reflect.NativeMethodAccessorImpl.invoke0(Native Method)
	at sun.reflect.NativeMethodAccessorImpl.invoke(NativeMethodAccessorImpl.java:62)
	at sun.reflect.DelegatingMethodAccessorImpl.invoke(DelegatingMethodAccessorImpl.java:43)
	at java.lang.reflect.Method.invoke(Method.java:498)
	at org.gradle.internal.dispatch.ReflectionDispatch.dispatch(ReflectionDispatch.java:35)
	at org.gradle.internal.dispatch.ReflectionDispatch.dispatch(ReflectionDispatch.java:24)
	at org.gradle.internal.remote.internal.hub.MessageHub$Handler.run(MessageHub.java:377)
	at org.gradle.internal.concurrent.ExecutorPolicy$CatchAndRecordFailures.onExecute(ExecutorPolicy.java:54)
	at org.gradle.internal.concurrent.StoppableExecutorImpl$1.run(StoppableExecutorImpl.java:40)
	at java.util.concurrent.ThreadPoolExecutor.runWorker(ThreadPoolExecutor.java:1142)
	at java.util.concurrent.ThreadPoolExecutor$Worker.run(ThreadPoolExecutor.java:617)
	at java.lang.Thread.run(Thread.java:745)
Caused by: org.testng.TestNGException: 
<<<<<<< HEAD
Cannot find class in classpath: Tests.WorkWithDraftTest
	at org.testng.xml.XmlClass.loadClass(XmlClass.java:81)
	at org.testng.xml.XmlClass.init(XmlClass.java:73)
	at org.testng.xml.XmlClass.&lt;init&gt;(XmlClass.java:59)
	at org.testng.xml.TestNGContentHandler.startElement(TestNGContentHandler.java:582)
	at com.sun.org.apache.xerces.internal.parsers.AbstractSAXParser.startElement(AbstractSAXParser.java:509)
	at com.sun.org.apache.xerces.internal.parsers.AbstractXMLDocumentParser.emptyElement(AbstractXMLDocumentParser.java:182)
	at com.sun.org.apache.xerces.internal.impl.dtd.XMLDTDValidator.emptyElement(XMLDTDValidator.java:766)
	at com.sun.org.apache.xerces.internal.impl.XMLNSDocumentScannerImpl.scanStartElement(XMLNSDocumentScannerImpl.java:357)
	at com.sun.org.apache.xerces.internal.impl.XMLDocumentFragmentScannerImpl$FragmentContentDriver.next(XMLDocumentFragmentScannerImpl.java:2787)
	at com.sun.org.apache.xerces.internal.impl.XMLDocumentScannerImpl.next(XMLDocumentScannerImpl.java:606)
	at com.sun.org.apache.xerces.internal.impl.XMLNSDocumentScannerImpl.next(XMLNSDocumentScannerImpl.java:118)
	at com.sun.org.apache.xerces.internal.impl.XMLDocumentFragmentScannerImpl.scanDocument(XMLDocumentFragmentScannerImpl.java:510)
	at com.sun.org.apache.xerces.internal.parsers.XML11Configuration.parse(XML11Configuration.java:848)
	at com.sun.org.apache.xerces.internal.parsers.XML11Configuration.parse(XML11Configuration.java:777)
	at com.sun.org.apache.xerces.internal.parsers.XMLParser.parse(XMLParser.java:141)
	at com.sun.org.apache.xerces.internal.parsers.AbstractSAXParser.parse(AbstractSAXParser.java:1213)
	at com.sun.org.apache.xerces.internal.jaxp.SAXParserImpl$JAXPSAXParser.parse(SAXParserImpl.java:643)
	at com.sun.org.apache.xerces.internal.jaxp.SAXParserImpl.parse(SAXParserImpl.java:327)
	at javax.xml.parsers.SAXParser.parse(SAXParser.java:195)
	at org.testng.xml.XMLParser.parse(XMLParser.java:39)
	at org.testng.xml.SuiteXmlParser.parse(SuiteXmlParser.java:16)
	at org.testng.xml.SuiteXmlParser.parse(SuiteXmlParser.java:9)
	at org.testng.xml.Parser.parse(Parser.java:170)
	at org.testng.TestNG.initializeSuitesAndJarFile(TestNG.java:304)
	at org.testng.TestNG.run(TestNG.java:1101)
=======
Cannot instantiate class Tests.LoginTest
	at org.testng.internal.ObjectFactoryImpl.newInstance(ObjectFactoryImpl.java:31)
	at org.testng.internal.ClassHelper.createInstance1(ClassHelper.java:410)
	at org.testng.internal.ClassHelper.createInstance(ClassHelper.java:323)
	at org.testng.internal.ClassImpl.getDefaultInstance(ClassImpl.java:126)
	at org.testng.internal.ClassImpl.getInstances(ClassImpl.java:191)
	at org.testng.TestClass.getInstances(TestClass.java:99)
	at org.testng.TestClass.initTestClassesAndInstances(TestClass.java:85)
	at org.testng.TestClass.init(TestClass.java:77)
	at org.testng.TestClass.&lt;init&gt;(TestClass.java:42)
	at org.testng.TestRunner.initMethods(TestRunner.java:423)
	at org.testng.TestRunner.init(TestRunner.java:250)
	at org.testng.TestRunner.init(TestRunner.java:220)
	at org.testng.TestRunner.&lt;init&gt;(TestRunner.java:161)
	at org.testng.SuiteRunner$DefaultTestRunnerFactory.newTestRunner(SuiteRunner.java:578)
	at org.testng.SuiteRunner.init(SuiteRunner.java:185)
	at org.testng.SuiteRunner.&lt;init&gt;(SuiteRunner.java:131)
	at org.testng.TestNG.createSuiteRunner(TestNG.java:1383)
	at org.testng.TestNG.createSuiteRunners(TestNG.java:1363)
	at org.testng.TestNG.runSuitesLocally(TestNG.java:1217)
	at org.testng.TestNG.runSuites(TestNG.java:1144)
	at org.testng.TestNG.run(TestNG.java:1115)
>>>>>>> development
	at org.gradle.api.internal.tasks.testing.testng.TestNGTestClassProcessor.runTests(TestNGTestClassProcessor.java:129)
	at org.gradle.api.internal.tasks.testing.testng.TestNGTestClassProcessor.stop(TestNGTestClassProcessor.java:88)
	at org.gradle.api.internal.tasks.testing.SuiteTestClassProcessor.stop(SuiteTestClassProcessor.java:61)
	... 22 more
<<<<<<< HEAD
=======
Caused by: java.lang.reflect.InvocationTargetException
	at sun.reflect.NativeConstructorAccessorImpl.newInstance0(Native Method)
	at sun.reflect.NativeConstructorAccessorImpl.newInstance(NativeConstructorAccessorImpl.java:62)
	at sun.reflect.DelegatingConstructorAccessorImpl.newInstance(DelegatingConstructorAccessorImpl.java:45)
	at java.lang.reflect.Constructor.newInstance(Constructor.java:423)
	at org.testng.internal.ObjectFactoryImpl.newInstance(ObjectFactoryImpl.java:23)
	... 45 more
Caused by: java.lang.StackOverflowError
	at java.lang.reflect.Method.getParameterTypes(Method.java:264)
	at sun.reflect.annotation.AnnotationInvocationHandler.invoke(AnnotationInvocationHandler.java:59)
	at com.sun.proxy.$Proxy10.how(Unknown Source)
	at org.openqa.selenium.support.pagefactory.AbstractAnnotations.assertValidFindBy(AbstractAnnotations.java:171)
	at org.openqa.selenium.support.pagefactory.AbstractAnnotations.buildByFromFindBy(AbstractAnnotations.java:79)
	at org.openqa.selenium.support.pagefactory.Annotations.buildBy(Annotations.java:74)
	at org.openqa.selenium.support.pagefactory.DefaultElementLocator.&lt;init&gt;(DefaultElementLocator.java:58)
	at org.openqa.selenium.support.pagefactory.DefaultElementLocator.&lt;init&gt;(DefaultElementLocator.java:46)
	at org.openqa.selenium.support.pagefactory.DefaultElementLocatorFactory.createLocator(DefaultElementLocatorFactory.java:32)
	at org.openqa.selenium.support.pagefactory.DefaultFieldDecorator.decorate(DefaultFieldDecorator.java:56)
	at org.openqa.selenium.support.PageFactory.proxyFields(PageFactory.java:113)
	at org.openqa.selenium.support.PageFactory.initElements(PageFactory.java:105)
	at org.openqa.selenium.support.PageFactory.initElements(PageFactory.java:92)
	at org.openqa.selenium.support.PageFactory.initElements(PageFactory.java:79)
	at Pages.BasePage.&lt;init&gt;(BasePage.java:14)
	at Pages.LoginPage.&lt;init&gt;(LoginPage.java:13)
	at Tests.BaseTest.&lt;init&gt;(BaseTest.java:22)
	at Methods.BaseMethods.&lt;init&gt;(BaseMethods.java:9)
	at Methods.LoginPageMethods.&lt;init&gt;(LoginPageMethods.java:14)
	at Tests.BaseTest.&lt;init&gt;(BaseTest.java:23)
	at Methods.BaseMethods.&lt;init&gt;(BaseMethods.java:9)
	at Methods.LoginPageMethods.&lt;init&gt;(LoginPageMethods.java:14)
	at Tests.BaseTest.&lt;init&gt;(BaseTest.java:23)
	at Methods.BaseMethods.&lt;init&gt;(BaseMethods.java:9)
	at Methods.LoginPageMethods.&lt;init&gt;(LoginPageMethods.java:14)
	at Tests.BaseTest.&lt;init&gt;(BaseTest.java:23)
	at Methods.BaseMethods.&lt;init&gt;(BaseMethods.java:9)
	at Methods.LoginPageMethods.&lt;init&gt;(LoginPageMethods.java:14)
	at Tests.BaseTest.&lt;init&gt;(BaseTest.java:23)
	at Methods.BaseMethods.&lt;init&gt;(BaseMethods.java:9)
	at Methods.LoginPageMethods.&lt;init&gt;(LoginPageMethods.java:14)
	at Tests.BaseTest.&lt;init&gt;(BaseTest.java:23)
	at Methods.BaseMethods.&lt;init&gt;(BaseMethods.java:9)
	at Methods.LoginPageMethods.&lt;init&gt;(LoginPageMethods.java:14)
	at Tests.BaseTest.&lt;init&gt;(BaseTest.java:23)
	at Methods.BaseMethods.&lt;init&gt;(BaseMethods.java:9)
	at Methods.LoginPageMethods.&lt;init&gt;(LoginPageMethods.java:14)
	at Tests.BaseTest.&lt;init&gt;(BaseTest.java:23)
	at Methods.BaseMethods.&lt;init&gt;(BaseMethods.java:9)
	at Methods.LoginPageMethods.&lt;init&gt;(LoginPageMethods.java:14)
	at Tests.BaseTest.&lt;init&gt;(BaseTest.java:23)
	at Methods.BaseMethods.&lt;init&gt;(BaseMethods.java:9)
	at Methods.LoginPageMethods.&lt;init&gt;(LoginPageMethods.java:14)
	at Tests.BaseTest.&lt;init&gt;(BaseTest.java:23)
	at Methods.BaseMethods.&lt;init&gt;(BaseMethods.java:9)
	at Methods.LoginPageMethods.&lt;init&gt;(LoginPageMethods.java:14)
	at Tests.BaseTest.&lt;init&gt;(BaseTest.java:23)
	at Methods.BaseMethods.&lt;init&gt;(BaseMethods.java:9)
	at Methods.LoginPageMethods.&lt;init&gt;(LoginPageMethods.java:14)
	at Tests.BaseTest.&lt;init&gt;(BaseTest.java:23)
	at Methods.BaseMethods.&lt;init&gt;(BaseMethods.java:9)
	at Methods.LoginPageMethods.&lt;init&gt;(LoginPageMethods.java:14)
	at Tests.BaseTest.&lt;init&gt;(BaseTest.java:23)
	at Methods.BaseMethods.&lt;init&gt;(BaseMethods.java:9)
	at Methods.LoginPageMethods.&lt;init&gt;(LoginPageMethods.java:14)
	at Tests.BaseTest.&lt;init&gt;(BaseTest.java:23)
	at Methods.BaseMethods.&lt;init&gt;(BaseMethods.java:9)
	at Methods.LoginPageMethods.&lt;init&gt;(LoginPageMethods.java:14)
	at Tests.BaseTest.&lt;init&gt;(BaseTest.java:23)
	at Methods.BaseMethods.&lt;init&gt;(BaseMethods.java:9)
	at Methods.LoginPageMethods.&lt;init&gt;(LoginPageMethods.java:14)
	at Tests.BaseTest.&lt;init&gt;(BaseTest.java:23)
	at Methods.BaseMethods.&lt;init&gt;(BaseMethods.java:9)
	at Methods.LoginPageMethods.&lt;init&gt;(LoginPageMethods.java:14)
	at Tests.BaseTest.&lt;init&gt;(BaseTest.java:23)
	at Methods.BaseMethods.&lt;init&gt;(BaseMethods.java:9)
	at Methods.LoginPageMethods.&lt;init&gt;(LoginPageMethods.java:14)
	at Tests.BaseTest.&lt;init&gt;(BaseTest.java:23)
	at Methods.BaseMethods.&lt;init&gt;(BaseMethods.java:9)
	at Methods.LoginPageMethods.&lt;init&gt;(LoginPageMethods.java:14)
	at Tests.BaseTest.&lt;init&gt;(BaseTest.java:23)
	at Methods.BaseMethods.&lt;init&gt;(BaseMethods.java:9)
	at Methods.LoginPageMethods.&lt;init&gt;(LoginPageMethods.java:14)
	at Tests.BaseTest.&lt;init&gt;(BaseTest.java:23)
	at Methods.BaseMethods.&lt;init&gt;(BaseMethods.java:9)
	at Methods.LoginPageMethods.&lt;init&gt;(LoginPageMethods.java:14)
	at Tests.BaseTest.&lt;init&gt;(BaseTest.java:23)
	at Methods.BaseMethods.&lt;init&gt;(BaseMethods.java:9)
	at Methods.LoginPageMethods.&lt;init&gt;(LoginPageMethods.java:14)
	at Tests.BaseTest.&lt;init&gt;(BaseTest.java:23)
	at Methods.BaseMethods.&lt;init&gt;(BaseMethods.java:9)
	at Methods.LoginPageMethods.&lt;init&gt;(LoginPageMethods.java:14)
	at Tests.BaseTest.&lt;init&gt;(BaseTest.java:23)
	at Methods.BaseMethods.&lt;init&gt;(BaseMethods.java:9)
	at Methods.LoginPageMethods.&lt;init&gt;(LoginPageMethods.java:14)
	at Tests.BaseTest.&lt;init&gt;(BaseTest.java:23)
	at Methods.BaseMethods.&lt;init&gt;(BaseMethods.java:9)
	at Methods.LoginPageMethods.&lt;init&gt;(LoginPageMethods.java:14)
	at Tests.BaseTest.&lt;init&gt;(BaseTest.java:23)
	at Methods.BaseMethods.&lt;init&gt;(BaseMethods.java:9)
	at Methods.LoginPageMethods.&lt;init&gt;(LoginPageMethods.java:14)
	at Tests.BaseTest.&lt;init&gt;(BaseTest.java:23)
	at Methods.BaseMethods.&lt;init&gt;(BaseMethods.java:9)
	at Methods.LoginPageMethods.&lt;init&gt;(LoginPageMethods.java:14)
	at Tests.BaseTest.&lt;init&gt;(BaseTest.java:23)
	at Methods.BaseMethods.&lt;init&gt;(BaseMethods.java:9)
	at Methods.LoginPageMethods.&lt;init&gt;(LoginPageMethods.java:14)
	at Tests.BaseTest.&lt;init&gt;(BaseTest.java:23)
	at Methods.BaseMethods.&lt;init&gt;(BaseMethods.java:9)
	at Methods.LoginPageMethods.&lt;init&gt;(LoginPageMethods.java:14)
	at Tests.BaseTest.&lt;init&gt;(BaseTest.java:23)
	at Methods.BaseMethods.&lt;init&gt;(BaseMethods.java:9)
	at Methods.LoginPageMethods.&lt;init&gt;(LoginPageMethods.java:14)
	at Tests.BaseTest.&lt;init&gt;(BaseTest.java:23)
	at Methods.BaseMethods.&lt;init&gt;(BaseMethods.java:9)
	at Methods.LoginPageMethods.&lt;init&gt;(LoginPageMethods.java:14)
	at Tests.BaseTest.&lt;init&gt;(BaseTest.java:23)
	at Methods.BaseMethods.&lt;init&gt;(BaseMethods.java:9)
	at Methods.LoginPageMethods.&lt;init&gt;(LoginPageMethods.java:14)
	at Tests.BaseTest.&lt;init&gt;(BaseTest.java:23)
	at Methods.BaseMethods.&lt;init&gt;(BaseMethods.java:9)
	at Methods.LoginPageMethods.&lt;init&gt;(LoginPageMethods.java:14)
	at Tests.BaseTest.&lt;init&gt;(BaseTest.java:23)
	at Methods.BaseMethods.&lt;init&gt;(BaseMethods.java:9)
	at Methods.LoginPageMethods.&lt;init&gt;(LoginPageMethods.java:14)
	at Tests.BaseTest.&lt;init&gt;(BaseTest.java:23)
	at Methods.BaseMethods.&lt;init&gt;(BaseMethods.java:9)
	at Methods.LoginPageMethods.&lt;init&gt;(LoginPageMethods.java:14)
	at Tests.BaseTest.&lt;init&gt;(BaseTest.java:23)
	at Methods.BaseMethods.&lt;init&gt;(BaseMethods.java:9)
	at Methods.LoginPageMethods.&lt;init&gt;(LoginPageMethods.java:14)
	at Tests.BaseTest.&lt;init&gt;(BaseTest.java:23)
	at Methods.BaseMethods.&lt;init&gt;(BaseMethods.java:9)
	at Methods.LoginPageMethods.&lt;init&gt;(LoginPageMethods.java:14)
	at Tests.BaseTest.&lt;init&gt;(BaseTest.java:23)
	at Methods.BaseMethods.&lt;init&gt;(BaseMethods.java:9)
	at Methods.LoginPageMethods.&lt;init&gt;(LoginPageMethods.java:14)
	at Tests.BaseTest.&lt;init&gt;(BaseTest.java:23)
	at Methods.BaseMethods.&lt;init&gt;(BaseMethods.java:9)
	at Methods.LoginPageMethods.&lt;init&gt;(LoginPageMethods.java:14)
	at Tests.BaseTest.&lt;init&gt;(BaseTest.java:23)
	at Methods.BaseMethods.&lt;init&gt;(BaseMethods.java:9)
	at Methods.LoginPageMethods.&lt;init&gt;(LoginPageMethods.java:14)
	at Tests.BaseTest.&lt;init&gt;(BaseTest.java:23)
	at Methods.BaseMethods.&lt;init&gt;(BaseMethods.java:9)
	at Methods.LoginPageMethods.&lt;init&gt;(LoginPageMethods.java:14)
	at Tests.BaseTest.&lt;init&gt;(BaseTest.java:23)
	at Methods.BaseMethods.&lt;init&gt;(BaseMethods.java:9)
	at Methods.LoginPageMethods.&lt;init&gt;(LoginPageMethods.java:14)
	at Tests.BaseTest.&lt;init&gt;(BaseTest.java:23)
	at Methods.BaseMethods.&lt;init&gt;(BaseMethods.java:9)
	at Methods.LoginPageMethods.&lt;init&gt;(LoginPageMethods.java:14)
	at Tests.BaseTest.&lt;init&gt;(BaseTest.java:23)
	at Methods.BaseMethods.&lt;init&gt;(BaseMethods.java:9)
	at Methods.LoginPageMethods.&lt;init&gt;(LoginPageMethods.java:14)
	at Tests.BaseTest.&lt;init&gt;(BaseTest.java:23)
	at Methods.BaseMethods.&lt;init&gt;(BaseMethods.java:9)
	at Methods.LoginPageMethods.&lt;init&gt;(LoginPageMethods.java:14)
	at Tests.BaseTest.&lt;init&gt;(BaseTest.java:23)
	at Methods.BaseMethods.&lt;init&gt;(BaseMethods.java:9)
	at Methods.LoginPageMethods.&lt;init&gt;(LoginPageMethods.java:14)
	at Tests.BaseTest.&lt;init&gt;(BaseTest.java:23)
	at Methods.BaseMethods.&lt;init&gt;(BaseMethods.java:9)
	at Methods.LoginPageMethods.&lt;init&gt;(LoginPageMethods.java:14)
	at Tests.BaseTest.&lt;init&gt;(BaseTest.java:23)
	at Methods.BaseMethods.&lt;init&gt;(BaseMethods.java:9)
	at Methods.LoginPageMethods.&lt;init&gt;(LoginPageMethods.java:14)
	at Tests.BaseTest.&lt;init&gt;(BaseTest.java:23)
	at Methods.BaseMethods.&lt;init&gt;(BaseMethods.java:9)
	at Methods.LoginPageMethods.&lt;init&gt;(LoginPageMethods.java:14)
	at Tests.BaseTest.&lt;init&gt;(BaseTest.java:23)
	at Methods.BaseMethods.&lt;init&gt;(BaseMethods.java:9)
	at Methods.LoginPageMethods.&lt;init&gt;(LoginPageMethods.java:14)
	at Tests.BaseTest.&lt;init&gt;(BaseTest.java:23)
	at Methods.BaseMethods.&lt;init&gt;(BaseMethods.java:9)
	at Methods.LoginPageMethods.&lt;init&gt;(LoginPageMethods.java:14)
	at Tests.BaseTest.&lt;init&gt;(BaseTest.java:23)
	at Methods.BaseMethods.&lt;init&gt;(BaseMethods.java:9)
	at Methods.LoginPageMethods.&lt;init&gt;(LoginPageMethods.java:14)
	at Tests.BaseTest.&lt;init&gt;(BaseTest.java:23)
	at Methods.BaseMethods.&lt;init&gt;(BaseMethods.java:9)
	at Methods.LoginPageMethods.&lt;init&gt;(LoginPageMethods.java:14)
	at Tests.BaseTest.&lt;init&gt;(BaseTest.java:23)
	at Methods.BaseMethods.&lt;init&gt;(BaseMethods.java:9)
	at Methods.LoginPageMethods.&lt;init&gt;(LoginPageMethods.java:14)
	at Tests.BaseTest.&lt;init&gt;(BaseTest.java:23)
	at Methods.BaseMethods.&lt;init&gt;(BaseMethods.java:9)
	at Methods.LoginPageMethods.&lt;init&gt;(LoginPageMethods.java:14)
	at Tests.BaseTest.&lt;init&gt;(BaseTest.java:23)
	at Methods.BaseMethods.&lt;init&gt;(BaseMethods.java:9)
	at Methods.LoginPageMethods.&lt;init&gt;(LoginPageMethods.java:14)
	at Tests.BaseTest.&lt;init&gt;(BaseTest.java:23)
	at Methods.BaseMethods.&lt;init&gt;(BaseMethods.java:9)
	at Methods.LoginPageMethods.&lt;init&gt;(LoginPageMethods.java:14)
	at Tests.BaseTest.&lt;init&gt;(BaseTest.java:23)
	at Methods.BaseMethods.&lt;init&gt;(BaseMethods.java:9)
	at Methods.LoginPageMethods.&lt;init&gt;(LoginPageMethods.java:14)
	at Tests.BaseTest.&lt;init&gt;(BaseTest.java:23)
	at Methods.BaseMethods.&lt;init&gt;(BaseMethods.java:9)
	at Methods.LoginPageMethods.&lt;init&gt;(LoginPageMethods.java:14)
	at Tests.BaseTest.&lt;init&gt;(BaseTest.java:23)
	at Methods.BaseMethods.&lt;init&gt;(BaseMethods.java:9)
	at Methods.LoginPageMethods.&lt;init&gt;(LoginPageMethods.java:14)
	at Tests.BaseTest.&lt;init&gt;(BaseTest.java:23)
	at Methods.BaseMethods.&lt;init&gt;(BaseMethods.java:9)
	at Methods.LoginPageMethods.&lt;init&gt;(LoginPageMethods.java:14)
	at Tests.BaseTest.&lt;init&gt;(BaseTest.java:23)
	at Methods.BaseMethods.&lt;init&gt;(BaseMethods.java:9)
	at Methods.LoginPageMethods.&lt;init&gt;(LoginPageMethods.java:14)
	at Tests.BaseTest.&lt;init&gt;(BaseTest.java:23)
	at Methods.BaseMethods.&lt;init&gt;(BaseMethods.java:9)
	at Methods.LoginPageMethods.&lt;init&gt;(LoginPageMethods.java:14)
	at Tests.BaseTest.&lt;init&gt;(BaseTest.java:23)
	at Methods.BaseMethods.&lt;init&gt;(BaseMethods.java:9)
	at Methods.LoginPageMethods.&lt;init&gt;(LoginPageMethods.java:14)
	at Tests.BaseTest.&lt;init&gt;(BaseTest.java:23)
	at Methods.BaseMethods.&lt;init&gt;(BaseMethods.java:9)
	at Methods.LoginPageMethods.&lt;init&gt;(LoginPageMethods.java:14)
	at Tests.BaseTest.&lt;init&gt;(BaseTest.java:23)
	at Methods.BaseMethods.&lt;init&gt;(BaseMethods.java:9)
	at Methods.LoginPageMethods.&lt;init&gt;(LoginPageMethods.java:14)
	at Tests.BaseTest.&lt;init&gt;(BaseTest.java:23)
	at Methods.BaseMethods.&lt;init&gt;(BaseMethods.java:9)
	at Methods.LoginPageMethods.&lt;init&gt;(LoginPageMethods.java:14)
	at Tests.BaseTest.&lt;init&gt;(BaseTest.java:23)
	at Methods.BaseMethods.&lt;init&gt;(BaseMethods.java:9)
	at Methods.LoginPageMethods.&lt;init&gt;(LoginPageMethods.java:14)
	at Tests.BaseTest.&lt;init&gt;(BaseTest.java:23)
	at Methods.BaseMethods.&lt;init&gt;(BaseMethods.java:9)
	at Methods.LoginPageMethods.&lt;init&gt;(LoginPageMethods.java:14)
	at Tests.BaseTest.&lt;init&gt;(BaseTest.java:23)
	at Methods.BaseMethods.&lt;init&gt;(BaseMethods.java:9)
	at Methods.LoginPageMethods.&lt;init&gt;(LoginPageMethods.java:14)
	at Tests.BaseTest.&lt;init&gt;(BaseTest.java:23)
	at Methods.BaseMethods.&lt;init&gt;(BaseMethods.java:9)
	at Methods.LoginPageMethods.&lt;init&gt;(LoginPageMethods.java:14)
	at Tests.BaseTest.&lt;init&gt;(BaseTest.java:23)
	at Methods.BaseMethods.&lt;init&gt;(BaseMethods.java:9)
	at Methods.LoginPageMethods.&lt;init&gt;(LoginPageMethods.java:14)
	at Tests.BaseTest.&lt;init&gt;(BaseTest.java:23)
	at Methods.BaseMethods.&lt;init&gt;(BaseMethods.java:9)
	at Methods.LoginPageMethods.&lt;init&gt;(LoginPageMethods.java:14)
	at Tests.BaseTest.&lt;init&gt;(BaseTest.java:23)
	at Methods.BaseMethods.&lt;init&gt;(BaseMethods.java:9)
	at Methods.LoginPageMethods.&lt;init&gt;(LoginPageMethods.java:14)
	at Tests.BaseTest.&lt;init&gt;(BaseTest.java:23)
	at Methods.BaseMethods.&lt;init&gt;(BaseMethods.java:9)
	at Methods.LoginPageMethods.&lt;init&gt;(LoginPageMethods.java:14)
	at Tests.BaseTest.&lt;init&gt;(BaseTest.java:23)
	at Methods.BaseMethods.&lt;init&gt;(BaseMethods.java:9)
	at Methods.LoginPageMethods.&lt;init&gt;(LoginPageMethods.java:14)
	at Tests.BaseTest.&lt;init&gt;(BaseTest.java:23)
	at Methods.BaseMethods.&lt;init&gt;(BaseMethods.java:9)
	at Methods.LoginPageMethods.&lt;init&gt;(LoginPageMethods.java:14)
	at Tests.BaseTest.&lt;init&gt;(BaseTest.java:23)
	at Methods.BaseMethods.&lt;init&gt;(BaseMethods.java:9)
	at Methods.LoginPageMethods.&lt;init&gt;(LoginPageMethods.java:14)
	at Tests.BaseTest.&lt;init&gt;(BaseTest.java:23)
	at Methods.BaseMethods.&lt;init&gt;(BaseMethods.java:9)
	at Methods.LoginPageMethods.&lt;init&gt;(LoginPageMethods.java:14)
	at Tests.BaseTest.&lt;init&gt;(BaseTest.java:23)
	at Methods.BaseMethods.&lt;init&gt;(BaseMethods.java:9)
	at Methods.LoginPageMethods.&lt;init&gt;(LoginPageMethods.java:14)
	at Tests.BaseTest.&lt;init&gt;(BaseTest.java:23)
	at Methods.BaseMethods.&lt;init&gt;(BaseMethods.java:9)
	at Methods.LoginPageMethods.&lt;init&gt;(LoginPageMethods.java:14)
	at Tests.BaseTest.&lt;init&gt;(BaseTest.java:23)
	at Methods.BaseMethods.&lt;init&gt;(BaseMethods.java:9)
	at Methods.LoginPageMethods.&lt;init&gt;(LoginPageMethods.java:14)
	at Tests.BaseTest.&lt;init&gt;(BaseTest.java:23)
	at Methods.BaseMethods.&lt;init&gt;(BaseMethods.java:9)
	at Methods.LoginPageMethods.&lt;init&gt;(LoginPageMethods.java:14)
	at Tests.BaseTest.&lt;init&gt;(BaseTest.java:23)
	at Methods.BaseMethods.&lt;init&gt;(BaseMethods.java:9)
	at Methods.LoginPageMethods.&lt;init&gt;(LoginPageMethods.java:14)
	at Tests.BaseTest.&lt;init&gt;(BaseTest.java:23)
	at Methods.BaseMethods.&lt;init&gt;(BaseMethods.java:9)
	at Methods.LoginPageMethods.&lt;init&gt;(LoginPageMethods.java:14)
	at Tests.BaseTest.&lt;init&gt;(BaseTest.java:23)
	at Methods.BaseMethods.&lt;init&gt;(BaseMethods.java:9)
	at Methods.LoginPageMethods.&lt;init&gt;(LoginPageMethods.java:14)
	at Tests.BaseTest.&lt;init&gt;(BaseTest.java:23)
	at Methods.BaseMethods.&lt;init&gt;(BaseMethods.java:9)
	at Methods.LoginPageMethods.&lt;init&gt;(LoginPageMethods.java:14)
	at Tests.BaseTest.&lt;init&gt;(BaseTest.java:23)
	at Methods.BaseMethods.&lt;init&gt;(BaseMethods.java:9)
	at Methods.LoginPageMethods.&lt;init&gt;(LoginPageMethods.java:14)
	at Tests.BaseTest.&lt;init&gt;(BaseTest.java:23)
	at Methods.BaseMethods.&lt;init&gt;(BaseMethods.java:9)
	at Methods.LoginPageMethods.&lt;init&gt;(LoginPageMethods.java:14)
	at Tests.BaseTest.&lt;init&gt;(BaseTest.java:23)
	at Methods.BaseMethods.&lt;init&gt;(BaseMethods.java:9)
	at Methods.LoginPageMethods.&lt;init&gt;(LoginPageMethods.java:14)
	at Tests.BaseTest.&lt;init&gt;(BaseTest.java:23)
	at Methods.BaseMethods.&lt;init&gt;(BaseMethods.java:9)
	at Methods.LoginPageMethods.&lt;init&gt;(LoginPageMethods.java:14)
	at Tests.BaseTest.&lt;init&gt;(BaseTest.java:23)
	at Methods.BaseMethods.&lt;init&gt;(BaseMethods.java:9)
	at Methods.LoginPageMethods.&lt;init&gt;(LoginPageMethods.java:14)
	at Tests.BaseTest.&lt;init&gt;(BaseTest.java:23)
	at Methods.BaseMethods.&lt;init&gt;(BaseMethods.java:9)
	at Methods.LoginPageMethods.&lt;init&gt;(LoginPageMethods.java:14)
	at Tests.BaseTest.&lt;init&gt;(BaseTest.java:23)
	at Methods.BaseMethods.&lt;init&gt;(BaseMethods.java:9)
	at Methods.LoginPageMethods.&lt;init&gt;(LoginPageMethods.java:14)
	at Tests.BaseTest.&lt;init&gt;(BaseTest.java:23)
	at Methods.BaseMethods.&lt;init&gt;(BaseMethods.java:9)
	at Methods.LoginPageMethods.&lt;init&gt;(LoginPageMethods.java:14)
	at Tests.BaseTest.&lt;init&gt;(BaseTest.java:23)
	at Methods.BaseMethods.&lt;init&gt;(BaseMethods.java:9)
	at Methods.LoginPageMethods.&lt;init&gt;(LoginPageMethods.java:14)
	at Tests.BaseTest.&lt;init&gt;(BaseTest.java:23)
	at Methods.BaseMethods.&lt;init&gt;(BaseMethods.java:9)
	at Methods.LoginPageMethods.&lt;init&gt;(LoginPageMethods.java:14)
	at Tests.BaseTest.&lt;init&gt;(BaseTest.java:23)
	at Methods.BaseMethods.&lt;init&gt;(BaseMethods.java:9)
	at Methods.LoginPageMethods.&lt;init&gt;(LoginPageMethods.java:14)
	at Tests.BaseTest.&lt;init&gt;(BaseTest.java:23)
	at Methods.BaseMethods.&lt;init&gt;(BaseMethods.java:9)
	at Methods.LoginPageMethods.&lt;init&gt;(LoginPageMethods.java:14)
	at Tests.BaseTest.&lt;init&gt;(BaseTest.java:23)
	at Methods.BaseMethods.&lt;init&gt;(BaseMethods.java:9)
	at Methods.LoginPageMethods.&lt;init&gt;(LoginPageMethods.java:14)
	at Tests.BaseTest.&lt;init&gt;(BaseTest.java:23)
	at Methods.BaseMethods.&lt;init&gt;(BaseMethods.java:9)
	at Methods.LoginPageMethods.&lt;init&gt;(LoginPageMethods.java:14)
	at Tests.BaseTest.&lt;init&gt;(BaseTest.java:23)
	at Methods.BaseMethods.&lt;init&gt;(BaseMethods.java:9)
	at Methods.LoginPageMethods.&lt;init&gt;(LoginPageMethods.java:14)
	at Tests.BaseTest.&lt;init&gt;(BaseTest.java:23)
	at Methods.BaseMethods.&lt;init&gt;(BaseMethods.java:9)
	at Methods.LoginPageMethods.&lt;init&gt;(LoginPageMethods.java:14)
	at Tests.BaseTest.&lt;init&gt;(BaseTest.java:23)
	at Methods.BaseMethods.&lt;init&gt;(BaseMethods.java:9)
	at Methods.LoginPageMethods.&lt;init&gt;(LoginPageMethods.java:14)
	at Tests.BaseTest.&lt;init&gt;(BaseTest.java:23)
	at Methods.BaseMethods.&lt;init&gt;(BaseMethods.java:9)
	at Methods.LoginPageMethods.&lt;init&gt;(LoginPageMethods.java:14)
	at Tests.BaseTest.&lt;init&gt;(BaseTest.java:23)
	at Methods.BaseMethods.&lt;init&gt;(BaseMethods.java:9)
	at Methods.LoginPageMethods.&lt;init&gt;(LoginPageMethods.java:14)
	at Tests.BaseTest.&lt;init&gt;(BaseTest.java:23)
	at Methods.BaseMethods.&lt;init&gt;(BaseMethods.java:9)
	at Methods.LoginPageMethods.&lt;init&gt;(LoginPageMethods.java:14)
	at Tests.BaseTest.&lt;init&gt;(BaseTest.java:23)
	at Methods.BaseMethods.&lt;init&gt;(BaseMethods.java:9)
	at Methods.LoginPageMethods.&lt;init&gt;(LoginPageMethods.java:14)
	at Tests.BaseTest.&lt;init&gt;(BaseTest.java:23)
	at Methods.BaseMethods.&lt;init&gt;(BaseMethods.java:9)
	at Methods.LoginPageMethods.&lt;init&gt;(LoginPageMethods.java:14)
	at Tests.BaseTest.&lt;init&gt;(BaseTest.java:23)
	at Methods.BaseMethods.&lt;init&gt;(BaseMethods.java:9)
	at Methods.LoginPageMethods.&lt;init&gt;(LoginPageMethods.java:14)
	at Tests.BaseTest.&lt;init&gt;(BaseTest.java:23)
	at Methods.BaseMethods.&lt;init&gt;(BaseMethods.java:9)
	at Methods.LoginPageMethods.&lt;init&gt;(LoginPageMethods.java:14)
	at Tests.BaseTest.&lt;init&gt;(BaseTest.java:23)
	at Methods.BaseMethods.&lt;init&gt;(BaseMethods.java:9)
	at Methods.LoginPageMethods.&lt;init&gt;(LoginPageMethods.java:14)
	at Tests.BaseTest.&lt;init&gt;(BaseTest.java:23)
	at Methods.BaseMethods.&lt;init&gt;(BaseMethods.java:9)
	at Methods.LoginPageMethods.&lt;init&gt;(LoginPageMethods.java:14)
	at Tests.BaseTest.&lt;init&gt;(BaseTest.java:23)
	at Methods.BaseMethods.&lt;init&gt;(BaseMethods.java:9)
	at Methods.LoginPageMethods.&lt;init&gt;(LoginPageMethods.java:14)
	at Tests.BaseTest.&lt;init&gt;(BaseTest.java:23)
	at Methods.BaseMethods.&lt;init&gt;(BaseMethods.java:9)
	at Methods.LoginPageMethods.&lt;init&gt;(LoginPageMethods.java:14)
	at Tests.BaseTest.&lt;init&gt;(BaseTest.java:23)
	at Methods.BaseMethods.&lt;init&gt;(BaseMethods.java:9)
	at Methods.LoginPageMethods.&lt;init&gt;(LoginPageMethods.java:14)
	at Tests.BaseTest.&lt;init&gt;(BaseTest.java:23)
	at Methods.BaseMethods.&lt;init&gt;(BaseMethods.java:9)
	at Methods.LoginPageMethods.&lt;init&gt;(LoginPageMethods.java:14)
	at Tests.BaseTest.&lt;init&gt;(BaseTest.java:23)
	at Methods.BaseMethods.&lt;init&gt;(BaseMethods.java:9)
	at Methods.LoginPageMethods.&lt;init&gt;(LoginPageMethods.java:14)
	at Tests.BaseTest.&lt;init&gt;(BaseTest.java:23)
	at Methods.BaseMethods.&lt;init&gt;(BaseMethods.java:9)
	at Methods.LoginPageMethods.&lt;init&gt;(LoginPageMethods.java:14)
	at Tests.BaseTest.&lt;init&gt;(BaseTest.java:23)
	at Methods.BaseMethods.&lt;init&gt;(BaseMethods.java:9)
	at Methods.LoginPageMethods.&lt;init&gt;(LoginPageMethods.java:14)
	at Tests.BaseTest.&lt;init&gt;(BaseTest.java:23)
	at Methods.BaseMethods.&lt;init&gt;(BaseMethods.java:9)
	at Methods.LoginPageMethods.&lt;init&gt;(LoginPageMethods.java:14)
	at Tests.BaseTest.&lt;init&gt;(BaseTest.java:23)
	at Methods.BaseMethods.&lt;init&gt;(BaseMethods.java:9)
	at Methods.LoginPageMethods.&lt;init&gt;(LoginPageMethods.java:14)
	at Tests.BaseTest.&lt;init&gt;(BaseTest.java:23)
	at Methods.BaseMethods.&lt;init&gt;(BaseMethods.java:9)
	at Methods.LoginPageMethods.&lt;init&gt;(LoginPageMethods.java:14)
	at Tests.BaseTest.&lt;init&gt;(BaseTest.java:23)
	at Methods.BaseMethods.&lt;init&gt;(BaseMethods.java:9)
	at Methods.LoginPageMethods.&lt;init&gt;(LoginPageMethods.java:14)
	at Tests.BaseTest.&lt;init&gt;(BaseTest.java:23)
	at Methods.BaseMethods.&lt;init&gt;(BaseMethods.java:9)
	at Methods.LoginPageMethods.&lt;init&gt;(LoginPageMethods.java:14)
	at Tests.BaseTest.&lt;init&gt;(BaseTest.java:23)
	at Methods.BaseMethods.&lt;init&gt;(BaseMethods.java:9)
	at Methods.LoginPageMethods.&lt;init&gt;(LoginPageMethods.java:14)
	at Tests.BaseTest.&lt;init&gt;(BaseTest.java:23)
	at Methods.BaseMethods.&lt;init&gt;(BaseMethods.java:9)
	at Methods.LoginPageMethods.&lt;init&gt;(LoginPageMethods.java:14)
	at Tests.BaseTest.&lt;init&gt;(BaseTest.java:23)
	at Methods.BaseMethods.&lt;init&gt;(BaseMethods.java:9)
	at Methods.LoginPageMethods.&lt;init&gt;(LoginPageMethods.java:14)
	at Tests.BaseTest.&lt;init&gt;(BaseTest.java:23)
	at Methods.BaseMethods.&lt;init&gt;(BaseMethods.java:9)
	at Methods.LoginPageMethods.&lt;init&gt;(LoginPageMethods.java:14)
	at Tests.BaseTest.&lt;init&gt;(BaseTest.java:23)
	at Methods.BaseMethods.&lt;init&gt;(BaseMethods.java:9)
	at Methods.LoginPageMethods.&lt;init&gt;(LoginPageMethods.java:14)
	at Tests.BaseTest.&lt;init&gt;(BaseTest.java:23)
	at Methods.BaseMethods.&lt;init&gt;(BaseMethods.java:9)
	at Methods.LoginPageMethods.&lt;init&gt;(LoginPageMethods.java:14)
	at Tests.BaseTest.&lt;init&gt;(BaseTest.java:23)
	at Methods.BaseMethods.&lt;init&gt;(BaseMethods.java:9)
	at Methods.LoginPageMethods.&lt;init&gt;(LoginPageMethods.java:14)
	at Tests.BaseTest.&lt;init&gt;(BaseTest.java:23)
	at Methods.BaseMethods.&lt;init&gt;(BaseMethods.java:9)
	at Methods.LoginPageMethods.&lt;init&gt;(LoginPageMethods.java:14)
	at Tests.BaseTest.&lt;init&gt;(BaseTest.java:23)
	at Methods.BaseMethods.&lt;init&gt;(BaseMethods.java:9)
	at Methods.LoginPageMethods.&lt;init&gt;(LoginPageMethods.java:14)
	at Tests.BaseTest.&lt;init&gt;(BaseTest.java:23)
	at Methods.BaseMethods.&lt;init&gt;(BaseMethods.java:9)
	at Methods.LoginPageMethods.&lt;init&gt;(LoginPageMethods.java:14)
	at Tests.BaseTest.&lt;init&gt;(BaseTest.java:23)
	at Methods.BaseMethods.&lt;init&gt;(BaseMethods.java:9)
	at Methods.LoginPageMethods.&lt;init&gt;(LoginPageMethods.java:14)
	at Tests.BaseTest.&lt;init&gt;(BaseTest.java:23)
	at Methods.BaseMethods.&lt;init&gt;(BaseMethods.java:9)
	at Methods.LoginPageMethods.&lt;init&gt;(LoginPageMethods.java:14)
	at Tests.BaseTest.&lt;init&gt;(BaseTest.java:23)
	at Methods.BaseMethods.&lt;init&gt;(BaseMethods.java:9)
	at Methods.LoginPageMethods.&lt;init&gt;(LoginPageMethods.java:14)
	at Tests.BaseTest.&lt;init&gt;(BaseTest.java:23)
	at Methods.BaseMethods.&lt;init&gt;(BaseMethods.java:9)
	at Methods.LoginPageMethods.&lt;init&gt;(LoginPageMethods.java:14)
	at Tests.BaseTest.&lt;init&gt;(BaseTest.java:23)
	at Methods.BaseMethods.&lt;init&gt;(BaseMethods.java:9)
	at Methods.LoginPageMethods.&lt;init&gt;(LoginPageMethods.java:14)
	at Tests.BaseTest.&lt;init&gt;(BaseTest.java:23)
	at Methods.BaseMethods.&lt;init&gt;(BaseMethods.java:9)
	at Methods.LoginPageMethods.&lt;init&gt;(LoginPageMethods.java:14)
	at Tests.BaseTest.&lt;init&gt;(BaseTest.java:23)
	at Methods.BaseMethods.&lt;init&gt;(BaseMethods.java:9)
	at Methods.LoginPageMethods.&lt;init&gt;(LoginPageMethods.java:14)
	at Tests.BaseTest.&lt;init&gt;(BaseTest.java:23)
	at Methods.BaseMethods.&lt;init&gt;(BaseMethods.java:9)
	at Methods.LoginPageMethods.&lt;init&gt;(LoginPageMethods.java:14)
	at Tests.BaseTest.&lt;init&gt;(BaseTest.java:23)
	at Methods.BaseMethods.&lt;init&gt;(BaseMethods.java:9)
	at Methods.LoginPageMethods.&lt;init&gt;(LoginPageMethods.java:14)
	at Tests.BaseTest.&lt;init&gt;(BaseTest.java:23)
	at Methods.BaseMethods.&lt;init&gt;(BaseMethods.java:9)
	at Methods.LoginPageMethods.&lt;init&gt;(LoginPageMethods.java:14)
	at Tests.BaseTest.&lt;init&gt;(BaseTest.java:23)
	at Methods.BaseMethods.&lt;init&gt;(BaseMethods.java:9)
	at Methods.LoginPageMethods.&lt;init&gt;(LoginPageMethods.java:14)
	at Tests.BaseTest.&lt;init&gt;(BaseTest.java:23)
	at Methods.BaseMethods.&lt;init&gt;(BaseMethods.java:9)
	at Methods.LoginPageMethods.&lt;init&gt;(LoginPageMethods.java:14)
	at Tests.BaseTest.&lt;init&gt;(BaseTest.java:23)
	at Methods.BaseMethods.&lt;init&gt;(BaseMethods.java:9)
	at Methods.LoginPageMethods.&lt;init&gt;(LoginPageMethods.java:14)
	at Tests.BaseTest.&lt;init&gt;(BaseTest.java:23)
	at Methods.BaseMethods.&lt;init&gt;(BaseMethods.java:9)
	at Methods.LoginPageMethods.&lt;init&gt;(LoginPageMethods.java:14)
	at Tests.BaseTest.&lt;init&gt;(BaseTest.java:23)
	at Methods.BaseMethods.&lt;init&gt;(BaseMethods.java:9)
	at Methods.LoginPageMethods.&lt;init&gt;(LoginPageMethods.java:14)
	at Tests.BaseTest.&lt;init&gt;(BaseTest.java:23)
	at Methods.BaseMethods.&lt;init&gt;(BaseMethods.java:9)
	at Methods.LoginPageMethods.&lt;init&gt;(LoginPageMethods.java:14)
	at Tests.BaseTest.&lt;init&gt;(BaseTest.java:23)
	at Methods.BaseMethods.&lt;init&gt;(BaseMethods.java:9)
	at Methods.LoginPageMethods.&lt;init&gt;(LoginPageMethods.java:14)
	at Tests.BaseTest.&lt;init&gt;(BaseTest.java:23)
	at Methods.BaseMethods.&lt;init&gt;(BaseMethods.java:9)
	at Methods.LoginPageMethods.&lt;init&gt;(LoginPageMethods.java:14)
	at Tests.BaseTest.&lt;init&gt;(BaseTest.java:23)
	at Methods.BaseMethods.&lt;init&gt;(BaseMethods.java:9)
	at Methods.LoginPageMethods.&lt;init&gt;(LoginPageMethods.java:14)
	at Tests.BaseTest.&lt;init&gt;(BaseTest.java:23)
	at Methods.BaseMethods.&lt;init&gt;(BaseMethods.java:9)
	at Methods.LoginPageMethods.&lt;init&gt;(LoginPageMethods.java:14)
	at Tests.BaseTest.&lt;init&gt;(BaseTest.java:23)
	at Methods.BaseMethods.&lt;init&gt;(BaseMethods.java:9)
	at Methods.LoginPageMethods.&lt;init&gt;(LoginPageMethods.java:14)
	at Tests.BaseTest.&lt;init&gt;(BaseTest.java:23)
	at Methods.BaseMethods.&lt;init&gt;(BaseMethods.java:9)
	at Methods.LoginPageMethods.&lt;init&gt;(LoginPageMethods.java:14)
	at Tests.BaseTest.&lt;init&gt;(BaseTest.java:23)
	at Methods.BaseMethods.&lt;init&gt;(BaseMethods.java:9)
	at Methods.LoginPageMethods.&lt;init&gt;(LoginPageMethods.java:14)
	at Tests.BaseTest.&lt;init&gt;(BaseTest.java:23)
	at Methods.BaseMethods.&lt;init&gt;(BaseMethods.java:9)
	at Methods.LoginPageMethods.&lt;init&gt;(LoginPageMethods.java:14)
	at Tests.BaseTest.&lt;init&gt;(BaseTest.java:23)
	at Methods.BaseMethods.&lt;init&gt;(BaseMethods.java:9)
	at Methods.LoginPageMethods.&lt;init&gt;(LoginPageMethods.java:14)
	at Tests.BaseTest.&lt;init&gt;(BaseTest.java:23)
	at Methods.BaseMethods.&lt;init&gt;(BaseMethods.java:9)
	at Methods.LoginPageMethods.&lt;init&gt;(LoginPageMethods.java:14)
	at Tests.BaseTest.&lt;init&gt;(BaseTest.java:23)
	at Methods.BaseMethods.&lt;init&gt;(BaseMethods.java:9)
	at Methods.LoginPageMethods.&lt;init&gt;(LoginPageMethods.java:14)
	at Tests.BaseTest.&lt;init&gt;(BaseTest.java:23)
	at Methods.BaseMethods.&lt;init&gt;(BaseMethods.java:9)
	at Methods.LoginPageMethods.&lt;init&gt;(LoginPageMethods.java:14)
	at Tests.BaseTest.&lt;init&gt;(BaseTest.java:23)
	at Methods.BaseMethods.&lt;init&gt;(BaseMethods.java:9)
	at Methods.LoginPageMethods.&lt;init&gt;(LoginPageMethods.java:14)
	at Tests.BaseTest.&lt;init&gt;(BaseTest.java:23)
	at Methods.BaseMethods.&lt;init&gt;(BaseMethods.java:9)
	at Methods.LoginPageMethods.&lt;init&gt;(LoginPageMethods.java:14)
	at Tests.BaseTest.&lt;init&gt;(BaseTest.java:23)
	at Methods.BaseMethods.&lt;init&gt;(BaseMethods.java:9)
	at Methods.LoginPageMethods.&lt;init&gt;(LoginPageMethods.java:14)
	at Tests.BaseTest.&lt;init&gt;(BaseTest.java:23)
	at Methods.BaseMethods.&lt;init&gt;(BaseMethods.java:9)
	at Methods.LoginPageMethods.&lt;init&gt;(LoginPageMethods.java:14)
	at Tests.BaseTest.&lt;init&gt;(BaseTest.java:23)
	at Methods.BaseMethods.&lt;init&gt;(BaseMethods.java:9)
	at Methods.LoginPageMethods.&lt;init&gt;(LoginPageMethods.java:14)
	at Tests.BaseTest.&lt;init&gt;(BaseTest.java:23)
	at Methods.BaseMethods.&lt;init&gt;(BaseMethods.java:9)
	at Methods.LoginPageMethods.&lt;init&gt;(LoginPageMethods.java:14)
	at Tests.BaseTest.&lt;init&gt;(BaseTest.java:23)
	at Methods.BaseMethods.&lt;init&gt;(BaseMethods.java:9)
	at Methods.LoginPageMethods.&lt;init&gt;(LoginPageMethods.java:14)
	at Tests.BaseTest.&lt;init&gt;(BaseTest.java:23)
	at Methods.BaseMethods.&lt;init&gt;(BaseMethods.java:9)
	at Methods.LoginPageMethods.&lt;init&gt;(LoginPageMethods.java:14)
	at Tests.BaseTest.&lt;init&gt;(BaseTest.java:23)
	at Methods.BaseMethods.&lt;init&gt;(BaseMethods.java:9)
	at Methods.LoginPageMethods.&lt;init&gt;(LoginPageMethods.java:14)
	at Tests.BaseTest.&lt;init&gt;(BaseTest.java:23)
	at Methods.BaseMethods.&lt;init&gt;(BaseMethods.java:9)
	at Methods.LoginPageMethods.&lt;init&gt;(LoginPageMethods.java:14)
	at Tests.BaseTest.&lt;init&gt;(BaseTest.java:23)
	at Methods.BaseMethods.&lt;init&gt;(BaseMethods.java:9)
	at Methods.LoginPageMethods.&lt;init&gt;(LoginPageMethods.java:14)
	at Tests.BaseTest.&lt;init&gt;(BaseTest.java:23)
	at Methods.BaseMethods.&lt;init&gt;(BaseMethods.java:9)
	at Methods.LoginPageMethods.&lt;init&gt;(LoginPageMethods.java:14)
	at Tests.BaseTest.&lt;init&gt;(BaseTest.java:23)
	at Methods.BaseMethods.&lt;init&gt;(BaseMethods.java:9)
	at Methods.LoginPageMethods.&lt;init&gt;(LoginPageMethods.java:14)
	at Tests.BaseTest.&lt;init&gt;(BaseTest.java:23)
	at Methods.BaseMethods.&lt;init&gt;(BaseMethods.java:9)
	at Methods.LoginPageMethods.&lt;init&gt;(LoginPageMethods.java:14)
	at Tests.BaseTest.&lt;init&gt;(BaseTest.java:23)
	at Methods.BaseMethods.&lt;init&gt;(BaseMethods.java:9)
	at Methods.LoginPageMethods.&lt;init&gt;(LoginPageMethods.java:14)
	at Tests.BaseTest.&lt;init&gt;(BaseTest.java:23)
	at Methods.BaseMethods.&lt;init&gt;(BaseMethods.java:9)
	at Methods.LoginPageMethods.&lt;init&gt;(LoginPageMethods.java:14)
	at Tests.BaseTest.&lt;init&gt;(BaseTest.java:23)
	at Methods.BaseMethods.&lt;init&gt;(BaseMethods.java:9)
	at Methods.LoginPageMethods.&lt;init&gt;(LoginPageMethods.java:14)
	at Tests.BaseTest.&lt;init&gt;(BaseTest.java:23)
	at Methods.BaseMethods.&lt;init&gt;(BaseMethods.java:9)
	at Methods.LoginPageMethods.&lt;init&gt;(LoginPageMethods.java:14)
	at Tests.BaseTest.&lt;init&gt;(BaseTest.java:23)
	at Methods.BaseMethods.&lt;init&gt;(BaseMethods.java:9)
	at Methods.LoginPageMethods.&lt;init&gt;(LoginPageMethods.java:14)
	at Tests.BaseTest.&lt;init&gt;(BaseTest.java:23)
	at Methods.BaseMethods.&lt;init&gt;(BaseMethods.java:9)
	at Methods.LoginPageMethods.&lt;init&gt;(LoginPageMethods.java:14)
	at Tests.BaseTest.&lt;init&gt;(BaseTest.java:23)
	at Methods.BaseMethods.&lt;init&gt;(BaseMethods.java:9)
	at Methods.LoginPageMethods.&lt;init&gt;(LoginPageMethods.java:14)
	at Tests.BaseTest.&lt;init&gt;(BaseTest.java:23)
	at Methods.BaseMethods.&lt;init&gt;(BaseMethods.java:9)
	at Methods.LoginPageMethods.&lt;init&gt;(LoginPageMethods.java:14)
	at Tests.BaseTest.&lt;init&gt;(BaseTest.java:23)
	at Methods.BaseMethods.&lt;init&gt;(BaseMethods.java:9)
	at Methods.LoginPageMethods.&lt;init&gt;(LoginPageMethods.java:14)
	at Tests.BaseTest.&lt;init&gt;(BaseTest.java:23)
	at Methods.BaseMethods.&lt;init&gt;(BaseMethods.java:9)
	at Methods.LoginPageMethods.&lt;init&gt;(LoginPageMethods.java:14)
	at Tests.BaseTest.&lt;init&gt;(BaseTest.java:23)
	at Methods.BaseMethods.&lt;init&gt;(BaseMethods.java:9)
	at Methods.LoginPageMethods.&lt;init&gt;(LoginPageMethods.java:14)
	at Tests.BaseTest.&lt;init&gt;(BaseTest.java:23)
	at Methods.BaseMethods.&lt;init&gt;(BaseMethods.java:9)
	at Methods.LoginPageMethods.&lt;init&gt;(LoginPageMethods.java:14)
	at Tests.BaseTest.&lt;init&gt;(BaseTest.java:23)
	at Methods.BaseMethods.&lt;init&gt;(BaseMethods.java:9)
	at Methods.LoginPageMethods.&lt;init&gt;(LoginPageMethods.java:14)
	at Tests.BaseTest.&lt;init&gt;(BaseTest.java:23)
	at Methods.BaseMethods.&lt;init&gt;(BaseMethods.java:9)
	at Methods.LoginPageMethods.&lt;init&gt;(LoginPageMethods.java:14)
	at Tests.BaseTest.&lt;init&gt;(BaseTest.java:23)
	at Methods.BaseMethods.&lt;init&gt;(BaseMethods.java:9)
	at Methods.LoginPageMethods.&lt;init&gt;(LoginPageMethods.java:14)
	at Tests.BaseTest.&lt;init&gt;(BaseTest.java:23)
	at Methods.BaseMethods.&lt;init&gt;(BaseMethods.java:9)
	at Methods.LoginPageMethods.&lt;init&gt;(LoginPageMethods.java:14)
	at Tests.BaseTest.&lt;init&gt;(BaseTest.java:23)
	at Methods.BaseMethods.&lt;init&gt;(BaseMethods.java:9)
	at Methods.LoginPageMethods.&lt;init&gt;(LoginPageMethods.java:14)
	at Tests.BaseTest.&lt;init&gt;(BaseTest.java:23)
	at Methods.BaseMethods.&lt;init&gt;(BaseMethods.java:9)
	at Methods.LoginPageMethods.&lt;init&gt;(LoginPageMethods.java:14)
	at Tests.BaseTest.&lt;init&gt;(BaseTest.java:23)
	at Methods.BaseMethods.&lt;init&gt;(BaseMethods.java:9)
	at Methods.LoginPageMethods.&lt;init&gt;(LoginPageMethods.java:14)
	at Tests.BaseTest.&lt;init&gt;(BaseTest.java:23)
	at Methods.BaseMethods.&lt;init&gt;(BaseMethods.java:9)
	at Methods.LoginPageMethods.&lt;init&gt;(LoginPageMethods.java:14)
	at Tests.BaseTest.&lt;init&gt;(BaseTest.java:23)
	at Methods.BaseMethods.&lt;init&gt;(BaseMethods.java:9)
	at Methods.LoginPageMethods.&lt;init&gt;(LoginPageMethods.java:14)
	at Tests.BaseTest.&lt;init&gt;(BaseTest.java:23)
	at Methods.BaseMethods.&lt;init&gt;(BaseMethods.java:9)
	at Methods.LoginPageMethods.&lt;init&gt;(LoginPageMethods.java:14)
	at Tests.BaseTest.&lt;init&gt;(BaseTest.java:23)
	at Methods.BaseMethods.&lt;init&gt;(BaseMethods.java:9)
	at Methods.LoginPageMethods.&lt;init&gt;(LoginPageMethods.java:14)
	at Tests.BaseTest.&lt;init&gt;(BaseTest.java:23)
	at Methods.BaseMethods.&lt;init&gt;(BaseMethods.java:9)
	at Methods.LoginPageMethods.&lt;init&gt;(LoginPageMethods.java:14)
	at Tests.BaseTest.&lt;init&gt;(BaseTest.java:23)
	at Methods.BaseMethods.&lt;init&gt;(BaseMethods.java:9)
	at Methods.LoginPageMethods.&lt;init&gt;(LoginPageMethods.java:14)
	at Tests.BaseTest.&lt;init&gt;(BaseTest.java:23)
	at Methods.BaseMethods.&lt;init&gt;(BaseMethods.java:9)
	at Methods.LoginPageMethods.&lt;init&gt;(LoginPageMethods.java:14)
	at Tests.BaseTest.&lt;init&gt;(BaseTest.java:23)
	at Methods.BaseMethods.&lt;init&gt;(BaseMethods.java:9)
	at Methods.LoginPageMethods.&lt;init&gt;(LoginPageMethods.java:14)
	at Tests.BaseTest.&lt;init&gt;(BaseTest.java:23)
	at Methods.BaseMethods.&lt;init&gt;(BaseMethods.java:9)
	at Methods.LoginPageMethods.&lt;init&gt;(LoginPageMethods.java:14)
	at Tests.BaseTest.&lt;init&gt;(BaseTest.java:23)
	at Methods.BaseMethods.&lt;init&gt;(BaseMethods.java:9)
	at Methods.LoginPageMethods.&lt;init&gt;(LoginPageMethods.java:14)
	at Tests.BaseTest.&lt;init&gt;(BaseTest.java:23)
	at Methods.BaseMethods.&lt;init&gt;(BaseMethods.java:9)
	at Methods.LoginPageMethods.&lt;init&gt;(LoginPageMethods.java:14)
	at Tests.BaseTest.&lt;init&gt;(BaseTest.java:23)
	at Methods.BaseMethods.&lt;init&gt;(BaseMethods.java:9)
	at Methods.LoginPageMethods.&lt;init&gt;(LoginPageMethods.java:14)
	at Tests.BaseTest.&lt;init&gt;(BaseTest.java:23)
	at Methods.BaseMethods.&lt;init&gt;(BaseMethods.java:9)
	at Methods.LoginPageMethods.&lt;init&gt;(LoginPageMethods.java:14)
	at Tests.BaseTest.&lt;init&gt;(BaseTest.java:23)
	at Methods.BaseMethods.&lt;init&gt;(BaseMethods.java:9)
	at Methods.LoginPageMethods.&lt;init&gt;(LoginPageMethods.java:14)
	at Tests.BaseTest.&lt;init&gt;(BaseTest.java:23)
	at Methods.BaseMethods.&lt;init&gt;(BaseMethods.java:9)
	at Methods.LoginPageMethods.&lt;init&gt;(LoginPageMethods.java:14)
	at Tests.BaseTest.&lt;init&gt;(BaseTest.java:23)
	at Methods.BaseMethods.&lt;init&gt;(BaseMethods.java:9)
	at Methods.LoginPageMethods.&lt;init&gt;(LoginPageMethods.java:14)
	at Tests.BaseTest.&lt;init&gt;(BaseTest.java:23)
	at Methods.BaseMethods.&lt;init&gt;(BaseMethods.java:9)
	at Methods.LoginPageMethods.&lt;init&gt;(LoginPageMethods.java:14)
	at Tests.BaseTest.&lt;init&gt;(BaseTest.java:23)
	at Methods.BaseMethods.&lt;init&gt;(BaseMethods.java:9)
	at Methods.LoginPageMethods.&lt;init&gt;(LoginPageMethods.java:14)
	at Tests.BaseTest.&lt;init&gt;(BaseTest.java:23)
	at Methods.BaseMethods.&lt;init&gt;(BaseMethods.java:9)
	at Methods.LoginPageMethods.&lt;init&gt;(LoginPageMethods.java:14)
	at Tests.BaseTest.&lt;init&gt;(BaseTest.java:23)
	at Methods.BaseMethods.&lt;init&gt;(BaseMethods.java:9)
	at Methods.LoginPageMethods.&lt;init&gt;(LoginPageMethods.java:14)
	at Tests.BaseTest.&lt;init&gt;(BaseTest.java:23)
	at Methods.BaseMethods.&lt;init&gt;(BaseMethods.java:9)
	at Methods.LoginPageMethods.&lt;init&gt;(LoginPageMethods.java:14)
	at Tests.BaseTest.&lt;init&gt;(BaseTest.java:23)
	at Methods.BaseMethods.&lt;init&gt;(BaseMethods.java:9)
	at Methods.LoginPageMethods.&lt;init&gt;(LoginPageMethods.java:14)
	at Tests.BaseTest.&lt;init&gt;(BaseTest.java:23)
	at Methods.BaseMethods.&lt;init&gt;(BaseMethods.java:9)
	at Methods.LoginPageMethods.&lt;init&gt;(LoginPageMethods.java:14)
	at Tests.BaseTest.&lt;init&gt;(BaseTest.java:23)
	at Methods.BaseMethods.&lt;init&gt;(BaseMethods.java:9)
	at Methods.LoginPageMethods.&lt;init&gt;(LoginPageMethods.java:14)
	at Tests.BaseTest.&lt;init&gt;(BaseTest.java:23)
	at Methods.BaseMethods.&lt;init&gt;(BaseMethods.java:9)
	at Methods.LoginPageMethods.&lt;init&gt;(LoginPageMethods.java:14)
	at Tests.BaseTest.&lt;init&gt;(BaseTest.java:23)
	at Methods.BaseMethods.&lt;init&gt;(BaseMethods.java:9)
	at Methods.LoginPageMethods.&lt;init&gt;(LoginPageMethods.java:14)
	at Tests.BaseTest.&lt;init&gt;(BaseTest.java:23)
	at Methods.BaseMethods.&lt;init&gt;(BaseMethods.java:9)
	at Methods.LoginPageMethods.&lt;init&gt;(LoginPageMethods.java:14)
	at Tests.BaseTest.&lt;init&gt;(BaseTest.java:23)
	at Methods.BaseMethods.&lt;init&gt;(BaseMethods.java:9)
	at Methods.LoginPageMethods.&lt;init&gt;(LoginPageMethods.java:14)
	at Tests.BaseTest.&lt;init&gt;(BaseTest.java:23)
	at Methods.BaseMethods.&lt;init&gt;(BaseMethods.java:9)
	at Methods.LoginPageMethods.&lt;init&gt;(LoginPageMethods.java:14)
	at Tests.BaseTest.&lt;init&gt;(BaseTest.java:23)
	at Methods.BaseMethods.&lt;init&gt;(BaseMethods.java:9)
	at Methods.LoginPageMethods.&lt;init&gt;(LoginPageMethods.java:14)
	at Tests.BaseTest.&lt;init&gt;(BaseTest.java:23)
	at Methods.BaseMethods.&lt;init&gt;(BaseMethods.java:9)
	at Methods.LoginPageMethods.&lt;init&gt;(LoginPageMethods.java:14)
	at Tests.BaseTest.&lt;init&gt;(BaseTest.java:23)
	at Methods.BaseMethods.&lt;init&gt;(BaseMethods.java:9)
	at Methods.LoginPageMethods.&lt;init&gt;(LoginPageMethods.java:14)
	at Tests.BaseTest.&lt;init&gt;(BaseTest.java:23)
	at Methods.BaseMethods.&lt;init&gt;(BaseMethods.java:9)
	at Methods.LoginPageMethods.&lt;init&gt;(LoginPageMethods.java:14)
	at Tests.BaseTest.&lt;init&gt;(BaseTest.java:23)
	at Methods.BaseMethods.&lt;init&gt;(BaseMethods.java:9)
	at Methods.LoginPageMethods.&lt;init&gt;(LoginPageMethods.java:14)
	at Tests.BaseTest.&lt;init&gt;(BaseTest.java:23)
	at Methods.BaseMethods.&lt;init&gt;(BaseMethods.java:9)
	at Methods.LoginPageMethods.&lt;init&gt;(LoginPageMethods.java:14)
	at Tests.BaseTest.&lt;init&gt;(BaseTest.java:23)
	at Methods.BaseMethods.&lt;init&gt;(BaseMethods.java:9)
	at Methods.LoginPageMethods.&lt;init&gt;(LoginPageMethods.java:14)
	at Tests.BaseTest.&lt;init&gt;(BaseTest.java:23)
	at Methods.BaseMethods.&lt;init&gt;(BaseMethods.java:9)
	at Methods.LoginPageMethods.&lt;init&gt;(LoginPageMethods.java:14)
	at Tests.BaseTest.&lt;init&gt;(BaseTest.java:23)
	at Methods.BaseMethods.&lt;init&gt;(BaseMethods.java:9)
	at Methods.LoginPageMethods.&lt;init&gt;(LoginPageMethods.java:14)
	at Tests.BaseTest.&lt;init&gt;(BaseTest.java:23)
	at Methods.BaseMethods.&lt;init&gt;(BaseMethods.java:9)
	at Methods.LoginPageMethods.&lt;init&gt;(LoginPageMethods.java:14)
	at Tests.BaseTest.&lt;init&gt;(BaseTest.java:23)
	at Methods.BaseMethods.&lt;init&gt;(BaseMethods.java:9)
	at Methods.LoginPageMethods.&lt;init&gt;(LoginPageMethods.java:14)
	at Tests.BaseTest.&lt;init&gt;(BaseTest.java:23)
	at Methods.BaseMethods.&lt;init&gt;(BaseMethods.java:9)
	at Methods.LoginPageMethods.&lt;init&gt;(LoginPageMethods.java:14)
	at Tests.BaseTest.&lt;init&gt;(BaseTest.java:23)
	at Methods.BaseMethods.&lt;init&gt;(BaseMethods.java:9)
	at Methods.LoginPageMethods.&lt;init&gt;(LoginPageMethods.java:14)
	at Tests.BaseTest.&lt;init&gt;(BaseTest.java:23)
	at Methods.BaseMethods.&lt;init&gt;(BaseMethods.java:9)
	at Methods.LoginPageMethods.&lt;init&gt;(LoginPageMethods.java:14)
	at Tests.BaseTest.&lt;init&gt;(BaseTest.java:23)
	at Methods.BaseMethods.&lt;init&gt;(BaseMethods.java:9)
	at Methods.LoginPageMethods.&lt;init&gt;(LoginPageMethods.java:14)
	at Tests.BaseTest.&lt;init&gt;(BaseTest.java:23)
	at Methods.BaseMethods.&lt;init&gt;(BaseMethods.java:9)
	at Methods.LoginPageMethods.&lt;init&gt;(LoginPageMethods.java:14)
	at Tests.BaseTest.&lt;init&gt;(BaseTest.java:23)
	at Methods.BaseMethods.&lt;init&gt;(BaseMethods.java:9)
	at Methods.LoginPageMethods.&lt;init&gt;(LoginPageMethods.java:14)
	at Tests.BaseTest.&lt;init&gt;(BaseTest.java:23)
	at Methods.BaseMethods.&lt;init&gt;(BaseMethods.java:9)
	at Methods.LoginPageMethods.&lt;init&gt;(LoginPageMethods.java:14)
	at Tests.BaseTest.&lt;init&gt;(BaseTest.java:23)
	at Methods.BaseMethods.&lt;init&gt;(BaseMethods.java:9)
	at Methods.LoginPageMethods.&lt;init&gt;(LoginPageMethods.java:14)
	at Tests.BaseTest.&lt;init&gt;(BaseTest.java:23)
	at Methods.BaseMethods.&lt;init&gt;(BaseMethods.java:9)
	at Methods.LoginPageMethods.&lt;init&gt;(LoginPageMethods.java:14)
	at Tests.BaseTest.&lt;init&gt;(BaseTest.java:23)
	at Methods.BaseMethods.&lt;init&gt;(BaseMethods.java:9)
	at Methods.LoginPageMethods.&lt;init&gt;(LoginPageMethods.java:14)
	at Tests.BaseTest.&lt;init&gt;(BaseTest.java:23)
	at Methods.BaseMethods.&lt;init&gt;(BaseMethods.java:9)
	at Methods.LoginPageMethods.&lt;init&gt;(LoginPageMethods.java:14)
	at Tests.BaseTest.&lt;init&gt;(BaseTest.java:23)
	at Methods.BaseMethods.&lt;init&gt;(BaseMethods.java:9)
	at Methods.LoginPageMethods.&lt;init&gt;(LoginPageMethods.java:14)
	at Tests.BaseTest.&lt;init&gt;(BaseTest.java:23)
	at Methods.BaseMethods.&lt;init&gt;(BaseMethods.java:9)
	at Methods.LoginPageMethods.&lt;init&gt;(LoginPageMethods.java:14)
	at Tests.BaseTest.&lt;init&gt;(BaseTest.java:23)
	at Methods.BaseMethods.&lt;init&gt;(BaseMethods.java:9)
	at Methods.LoginPageMethods.&lt;init&gt;(LoginPageMethods.java:14)
	at Tests.BaseTest.&lt;init&gt;(BaseTest.java:23)
	at Methods.BaseMethods.&lt;init&gt;(BaseMethods.java:9)
	at Methods.LoginPageMethods.&lt;init&gt;(LoginPageMethods.java:14)
	at Tests.BaseTest.&lt;init&gt;(BaseTest.java:23)
	at Methods.BaseMethods.&lt;init&gt;(BaseMethods.java:9)
	at Methods.LoginPageMethods.&lt;init&gt;(LoginPageMethods.java:14)
	at Tests.BaseTest.&lt;init&gt;(BaseTest.java:23)
	at Methods.BaseMethods.&lt;init&gt;(BaseMethods.java:9)
	at Methods.LoginPageMethods.&lt;init&gt;(LoginPageMethods.java:14)
	at Tests.BaseTest.&lt;init&gt;(BaseTest.java:23)
	at Methods.BaseMethods.&lt;init&gt;(BaseMethods.java:9)
	at Methods.LoginPageMethods.&lt;init&gt;(LoginPageMethods.java:14)
	at Tests.BaseTest.&lt;init&gt;(BaseTest.java:23)
	at Methods.BaseMethods.&lt;init&gt;(BaseMethods.java:9)
	at Methods.LoginPageMethods.&lt;init&gt;(LoginPageMethods.java:14)
	at Tests.BaseTest.&lt;init&gt;(BaseTest.java:23)
	at Methods.BaseMethods.&lt;init&gt;(BaseMethods.java:9)
	at Methods.LoginPageMethods.&lt;init&gt;(LoginPageMethods.java:14)
	at Tests.BaseTest.&lt;init&gt;(BaseTest.java:23)
	at Methods.BaseMethods.&lt;init&gt;(BaseMethods.java:9)
	at Methods.LoginPageMethods.&lt;init&gt;(LoginPageMethods.java:14)
	at Tests.BaseTest.&lt;init&gt;(BaseTest.java:23)
	at Methods.BaseMethods.&lt;init&gt;(BaseMethods.java:9)
	at Methods.LoginPageMethods.&lt;init&gt;(LoginPageMethods.java:14)
	at Tests.BaseTest.&lt;init&gt;(BaseTest.java:23)
	at Methods.BaseMethods.&lt;init&gt;(BaseMethods.java:9)
	at Methods.LoginPageMethods.&lt;init&gt;(LoginPageMethods.java:14)
	at Tests.BaseTest.&lt;init&gt;(BaseTest.java:23)
	at Methods.BaseMethods.&lt;init&gt;(BaseMethods.java:9)
	at Methods.LoginPageMethods.&lt;init&gt;(LoginPageMethods.java:14)
	at Tests.BaseTest.&lt;init&gt;(BaseTest.java:23)
	at Methods.BaseMethods.&lt;init&gt;(BaseMethods.java:9)
	at Methods.LoginPageMethods.&lt;init&gt;(LoginPageMethods.java:14)
	at Tests.BaseTest.&lt;init&gt;(BaseTest.java:23)
	at Methods.BaseMethods.&lt;init&gt;(BaseMethods.java:9)
	at Methods.LoginPageMethods.&lt;init&gt;(LoginPageMethods.java:14)
	at Tests.BaseTest.&lt;init&gt;(BaseTest.java:23)
	at Methods.BaseMethods.&lt;init&gt;(BaseMethods.java:9)
	at Methods.LoginPageMethods.&lt;init&gt;(LoginPageMethods.java:14)
	at Tests.BaseTest.&lt;init&gt;(BaseTest.java:23)
	at Methods.BaseMethods.&lt;init&gt;(BaseMethods.java:9)
	at Methods.LoginPageMethods.&lt;init&gt;(LoginPageMethods.java:14)
	at Tests.BaseTest.&lt;init&gt;(BaseTest.java:23)
	at Methods.BaseMethods.&lt;init&gt;(BaseMethods.java:9)
	at Methods.LoginPageMethods.&lt;init&gt;(LoginPageMethods.java:14)
	at Tests.BaseTest.&lt;init&gt;(BaseTest.java:23)
	at Methods.BaseMethods.&lt;init&gt;(BaseMethods.java:9)
	at Methods.LoginPageMethods.&lt;init&gt;(LoginPageMethods.java:14)
	at Tests.BaseTest.&lt;init&gt;(BaseTest.java:23)
	at Methods.BaseMethods.&lt;init&gt;(BaseMethods.java:9)
	at Methods.LoginPageMethods.&lt;init&gt;(LoginPageMethods.java:14)
	at Tests.BaseTest.&lt;init&gt;(BaseTest.java:23)
	at Methods.BaseMethods.&lt;init&gt;(BaseMethods.java:9)
	at Methods.LoginPageMethods.&lt;init&gt;(LoginPageMethods.java:14)
	at Tests.BaseTest.&lt;init&gt;(BaseTest.java:23)
	at Methods.BaseMethods.&lt;init&gt;(BaseMethods.java:9)
	at Methods.LoginPageMethods.&lt;init&gt;(LoginPageMethods.java:14)
	at Tests.BaseTest.&lt;init&gt;(BaseTest.java:23)
	at Methods.BaseMethods.&lt;init&gt;(BaseMethods.java:9)
	at Methods.LoginPageMethods.&lt;init&gt;(LoginPageMethods.java:14)
	at Tests.BaseTest.&lt;init&gt;(BaseTest.java:23)
	at Methods.BaseMethods.&lt;init&gt;(BaseMethods.java:9)
	at Methods.LoginPageMethods.&lt;init&gt;(LoginPageMethods.java:14)
	at Tests.BaseTest.&lt;init&gt;(BaseTest.java:23)
	at Methods.BaseMethods.&lt;init&gt;(BaseMethods.java:9)
	at Methods.LoginPageMethods.&lt;init&gt;(LoginPageMethods.java:14)
	at Tests.BaseTest.&lt;init&gt;(BaseTest.java:23)
	at Methods.BaseMethods.&lt;init&gt;(BaseMethods.java:9)
	at Methods.LoginPageMethods.&lt;init&gt;(LoginPageMethods.java:14)
	at Tests.BaseTest.&lt;init&gt;(BaseTest.java:23)
	at Methods.BaseMethods.&lt;init&gt;(BaseMethods.java:9)
	at Methods.LoginPageMethods.&lt;init&gt;(LoginPageMethods.java:14)
	at Tests.BaseTest.&lt;init&gt;(BaseTest.java:23)
	at Methods.BaseMethods.&lt;init&gt;(BaseMethods.java:9)
	at Methods.LoginPageMethods.&lt;init&gt;(LoginPageMethods.java:14)
	at Tests.BaseTest.&lt;init&gt;(BaseTest.java:23)
	at Methods.BaseMethods.&lt;init&gt;(BaseMethods.java:9)
	at Methods.LoginPageMethods.&lt;init&gt;(LoginPageMethods.java:14)
	at Tests.BaseTest.&lt;init&gt;(BaseTest.java:23)
	at Methods.BaseMethods.&lt;init&gt;(BaseMethods.java:9)
	at Methods.LoginPageMethods.&lt;init&gt;(LoginPageMethods.java:14)
	at Tests.BaseTest.&lt;init&gt;(BaseTest.java:23)
	at Methods.BaseMethods.&lt;init&gt;(BaseMethods.java:9)
	at Methods.LoginPageMethods.&lt;init&gt;(LoginPageMethods.java:14)
	at Tests.BaseTest.&lt;init&gt;(BaseTest.java:23)
	at Methods.BaseMethods.&lt;init&gt;(BaseMethods.java:9)
	at Methods.LoginPageMethods.&lt;init&gt;(LoginPageMethods.java:14)
	at Tests.BaseTest.&lt;init&gt;(BaseTest.java:23)
	at Methods.BaseMethods.&lt;init&gt;(BaseMethods.java:9)
	at Methods.LoginPageMethods.&lt;init&gt;(LoginPageMethods.java:14)
	at Tests.BaseTest.&lt;init&gt;(BaseTest.java:23)
	at Methods.BaseMethods.&lt;init&gt;(BaseMethods.java:9)
	at Methods.LoginPageMethods.&lt;init&gt;(LoginPageMethods.java:14)
	at Tests.BaseTest.&lt;init&gt;(BaseTest.java:23)
	at Methods.BaseMethods.&lt;init&gt;(BaseMethods.java:9)
	at Methods.LoginPageMethods.&lt;init&gt;(LoginPageMethods.java:14)
	at Tests.BaseTest.&lt;init&gt;(BaseTest.java:23)
	at Methods.BaseMethods.&lt;init&gt;(BaseMethods.java:9)
	at Methods.LoginPageMethods.&lt;init&gt;(LoginPageMethods.java:14)
	at Tests.BaseTest.&lt;init&gt;(BaseTest.java:23)
	at Methods.BaseMethods.&lt;init&gt;(BaseMethods.java:9)
	at Methods.LoginPageMethods.&lt;init&gt;(LoginPageMethods.java:14)
	at Tests.BaseTest.&lt;init&gt;(BaseTest.java:23)
	at Methods.BaseMethods.&lt;init&gt;(BaseMethods.java:9)
	at Methods.LoginPageMethods.&lt;init&gt;(LoginPageMethods.java:14)
	at Tests.BaseTest.&lt;init&gt;(BaseTest.java:23)
	at Methods.BaseMethods.&lt;init&gt;(BaseMethods.java:9)
	at Methods.LoginPageMethods.&lt;init&gt;(LoginPageMethods.java:14)
	at Tests.BaseTest.&lt;init&gt;(BaseTest.java:23)
	at Methods.BaseMethods.&lt;init&gt;(BaseMethods.java:9)
	at Methods.LoginPageMethods.&lt;init&gt;(LoginPageMethods.java:14)
	at Tests.BaseTest.&lt;init&gt;(BaseTest.java:23)
	at Methods.BaseMethods.&lt;init&gt;(BaseMethods.java:9)
	at Methods.LoginPageMethods.&lt;init&gt;(LoginPageMethods.java:14)
	at Tests.BaseTest.&lt;init&gt;(BaseTest.java:23)
	at Methods.BaseMethods.&lt;init&gt;(BaseMethods.java:9)
	at Methods.LoginPageMethods.&lt;init&gt;(LoginPageMethods.java:14)
	at Tests.BaseTest.&lt;init&gt;(BaseTest.java:23)
	at Methods.BaseMethods.&lt;init&gt;(BaseMethods.java:9)
	at Methods.LoginPageMethods.&lt;init&gt;(LoginPageMethods.java:14)
	at Tests.BaseTest.&lt;init&gt;(BaseTest.java:23)
	at Methods.BaseMethods.&lt;init&gt;(BaseMethods.java:9)
	at Methods.LoginPageMethods.&lt;init&gt;(LoginPageMethods.java:14)
	at Tests.BaseTest.&lt;init&gt;(BaseTest.java:23)
	at Methods.BaseMethods.&lt;init&gt;(BaseMethods.java:9)
	at Methods.LoginPageMethods.&lt;init&gt;(LoginPageMethods.java:14)
	at Tests.BaseTest.&lt;init&gt;(BaseTest.java:23)
	at Methods.BaseMethods.&lt;init&gt;(BaseMethods.java:9)
	at Methods.LoginPageMethods.&lt;init&gt;(LoginPageMethods.java:14)
	at Tests.BaseTest.&lt;init&gt;(BaseTest.java:23)
	at Methods.BaseMethods.&lt;init&gt;(BaseMethods.java:9)
	at Methods.LoginPageMethods.&lt;init&gt;(LoginPageMethods.java:14)
	at Tests.BaseTest.&lt;init&gt;(BaseTest.java:23)
	at Methods.BaseMethods.&lt;init&gt;(BaseMethods.java:9)
	at Methods.LoginPageMethods.&lt;init&gt;(LoginPageMethods.java:14)
	at Tests.BaseTest.&lt;init&gt;(BaseTest.java:23)
	at Methods.BaseMethods.&lt;init&gt;(BaseMethods.java:9)
	at Methods.LoginPageMethods.&lt;init&gt;(LoginPageMethods.java:14)
	at Tests.BaseTest.&lt;init&gt;(BaseTest.java:23)
	at Methods.BaseMethods.&lt;init&gt;(BaseMethods.java:9)
	at Methods.LoginPageMethods.&lt;init&gt;(LoginPageMethods.java:14)
	at Tests.BaseTest.&lt;init&gt;(BaseTest.java:23)
	at Methods.BaseMethods.&lt;init&gt;(BaseMethods.java:9)
	at Methods.LoginPageMethods.&lt;init&gt;(LoginPageMethods.java:14)
	at Tests.BaseTest.&lt;init&gt;(BaseTest.java:23)
	at Methods.BaseMethods.&lt;init&gt;(BaseMethods.java:9)
	at Methods.LoginPageMethods.&lt;init&gt;(LoginPageMethods.java:14)
	at Tests.BaseTest.&lt;init&gt;(BaseTest.java:23)
	at Methods.BaseMethods.&lt;init&gt;(BaseMethods.java:9)
	at Methods.LoginPageMethods.&lt;init&gt;(LoginPageMethods.java:14)
	at Tests.BaseTest.&lt;init&gt;(BaseTest.java:23)
	at Methods.BaseMethods.&lt;init&gt;(BaseMethods.java:9)
	at Methods.LoginPageMethods.&lt;init&gt;(LoginPageMethods.java:14)
	at Tests.BaseTest.&lt;init&gt;(BaseTest.java:23)
	at Methods.BaseMethods.&lt;init&gt;(BaseMethods.java:9)
	at Methods.LoginPageMethods.&lt;init&gt;(LoginPageMethods.java:14)
	at Tests.BaseTest.&lt;init&gt;(BaseTest.java:23)
	at Methods.BaseMethods.&lt;init&gt;(BaseMethods.java:9)
	at Methods.LoginPageMethods.&lt;init&gt;(LoginPageMethods.java:14)
	at Tests.BaseTest.&lt;init&gt;(BaseTest.java:23)
	at Methods.BaseMethods.&lt;init&gt;(BaseMethods.java:9)
	at Methods.LoginPageMethods.&lt;init&gt;(LoginPageMethods.java:14)
	at Tests.BaseTest.&lt;init&gt;(BaseTest.java:23)
	at Methods.BaseMethods.&lt;init&gt;(BaseMethods.java:9)
	at Methods.LoginPageMethods.&lt;init&gt;(LoginPageMethods.java:14)
	at Tests.BaseTest.&lt;init&gt;(BaseTest.java:23)
	at Methods.BaseMethods.&lt;init&gt;(BaseMethods.java:9)
	at Methods.LoginPageMethods.&lt;init&gt;(LoginPageMethods.java:14)
	at Tests.BaseTest.&lt;init&gt;(BaseTest.java:23)
	at Methods.BaseMethods.&lt;init&gt;(BaseMethods.java:9)
	at Methods.LoginPageMethods.&lt;init&gt;(LoginPageMethods.java:14)
	at Tests.BaseTest.&lt;init&gt;(BaseTest.java:23)
	at Methods.BaseMethods.&lt;init&gt;(BaseMethods.java:9)
	at Methods.LoginPageMethods.&lt;init&gt;(LoginPageMethods.java:14)
	at Tests.BaseTest.&lt;init&gt;(BaseTest.java:23)
	at Methods.BaseMethods.&lt;init&gt;(BaseMethods.java:9)
	at Methods.LoginPageMethods.&lt;init&gt;(LoginPageMethods.java:14)
	at Tests.BaseTest.&lt;init&gt;(BaseTest.java:23)
	at Methods.BaseMethods.&lt;init&gt;(BaseMethods.java:9)
	at Methods.LoginPageMethods.&lt;init&gt;(LoginPageMethods.java:14)
	at Tests.BaseTest.&lt;init&gt;(BaseTest.java:23)
	at Methods.BaseMethods.&lt;init&gt;(BaseMethods.java:9)
	at Methods.LoginPageMethods.&lt;init&gt;(LoginPageMethods.java:14)
	at Tests.BaseTest.&lt;init&gt;(BaseTest.java:23)
	at Methods.BaseMethods.&lt;init&gt;(BaseMethods.java:9)
	at Methods.LoginPageMethods.&lt;init&gt;(LoginPageMethods.java:14)
	at Tests.BaseTest.&lt;init&gt;(BaseTest.java:23)
	at Methods.BaseMethods.&lt;init&gt;(BaseMethods.java:9)
	at Methods.LoginPageMethods.&lt;init&gt;(LoginPageMethods.java:14)
	at Tests.BaseTest.&lt;init&gt;(BaseTest.java:23)
	at Methods.BaseMethods.&lt;init&gt;(BaseMethods.java:9)
	at Methods.LoginPageMethods.&lt;init&gt;(LoginPageMethods.java:14)
	at Tests.BaseTest.&lt;init&gt;(BaseTest.java:23)
	at Methods.BaseMethods.&lt;init&gt;(BaseMethods.java:9)
	at Methods.LoginPageMethods.&lt;init&gt;(LoginPageMethods.java:14)
	at Tests.BaseTest.&lt;init&gt;(BaseTest.java:23)
	at Methods.BaseMethods.&lt;init&gt;(BaseMethods.java:9)
	at Methods.LoginPageMethods.&lt;init&gt;(LoginPageMethods.java:14)
	at Tests.BaseTest.&lt;init&gt;(BaseTest.java:23)
	at Methods.BaseMethods.&lt;init&gt;(BaseMethods.java:9)
	at Methods.LoginPageMethods.&lt;init&gt;(LoginPageMethods.java:14)
	at Tests.BaseTest.&lt;init&gt;(BaseTest.java:23)
	at Methods.BaseMethods.&lt;init&gt;(BaseMethods.java:9)
	at Methods.LoginPageMethods.&lt;init&gt;(LoginPageMethods.java:14)
	at Tests.BaseTest.&lt;init&gt;(BaseTest.java:23)
	at Methods.BaseMethods.&lt;init&gt;(BaseMethods.java:9)
	at Methods.LoginPageMethods.&lt;init&gt;(LoginPageMethods.java:14)
	at Tests.BaseTest.&lt;init&gt;(BaseTest.java:23)
	at Methods.BaseMethods.&lt;init&gt;(BaseMethods.java:9)
	at Methods.LoginPageMethods.&lt;init&gt;(LoginPageMethods.java:14)
	at Tests.BaseTest.&lt;init&gt;(BaseTest.java:23)
	at Methods.BaseMethods.&lt;init&gt;(BaseMethods.java:9)
	at Methods.LoginPageMethods.&lt;init&gt;(LoginPageMethods.java:14)
	at Tests.BaseTest.&lt;init&gt;(BaseTest.java:23)
	at Methods.BaseMethods.&lt;init&gt;(BaseMethods.java:9)
	at Methods.LoginPageMethods.&lt;init&gt;(LoginPageMethods.java:14)
	at Tests.BaseTest.&lt;init&gt;(BaseTest.java:23)
	at Methods.BaseMethods.&lt;init&gt;(BaseMethods.java:9)
	at Methods.LoginPageMethods.&lt;init&gt;(LoginPageMethods.java:14)
	at Tests.BaseTest.&lt;init&gt;(BaseTest.java:23)
	at Methods.BaseMethods.&lt;init&gt;(BaseMethods.java:9)
	at Methods.LoginPageMethods.&lt;init&gt;(LoginPageMethods.java:14)
	at Tests.BaseTest.&lt;init&gt;(BaseTest.java:23)
	at Methods.BaseMethods.&lt;init&gt;(BaseMethods.java:9)
	at Methods.LoginPageMethods.&lt;init&gt;(LoginPageMethods.java:14)
	at Tests.BaseTest.&lt;init&gt;(BaseTest.java:23)
	at Methods.BaseMethods.&lt;init&gt;(BaseMethods.java:9)
	at Methods.LoginPageMethods.&lt;init&gt;(LoginPageMethods.java:14)
	at Tests.BaseTest.&lt;init&gt;(BaseTest.java:23)
	at Methods.BaseMethods.&lt;init&gt;(BaseMethods.java:9)
	at Methods.LoginPageMethods.&lt;init&gt;(LoginPageMethods.java:14)
	at Tests.BaseTest.&lt;init&gt;(BaseTest.java:23)
	at Methods.BaseMethods.&lt;init&gt;(BaseMethods.java:9)
	at Methods.LoginPageMethods.&lt;init&gt;(LoginPageMethods.java:14)
	at Tests.BaseTest.&lt;init&gt;(BaseTest.java:23)
	at Methods.BaseMethods.&lt;init&gt;(BaseMethods.java:9)
	at Methods.LoginPageMethods.&lt;init&gt;(LoginPageMethods.java:14)
	at Tests.BaseTest.&lt;init&gt;(BaseTest.java:23)
	at Methods.BaseMethods.&lt;init&gt;(BaseMethods.java:9)
	at Methods.LoginPageMethods.&lt;init&gt;(LoginPageMethods.java:14)
	at Tests.BaseTest.&lt;init&gt;(BaseTest.java:23)
	at Methods.BaseMethods.&lt;init&gt;(BaseMethods.java:9)
	at Methods.LoginPageMethods.&lt;init&gt;(LoginPageMethods.java:14)
	at Tests.BaseTest.&lt;init&gt;(BaseTest.java:23)
	at Methods.BaseMethods.&lt;init&gt;(BaseMethods.java:9)
	at Methods.LoginPageMethods.&lt;init&gt;(LoginPageMethods.java:14)
	at Tests.BaseTest.&lt;init&gt;(BaseTest.java:23)
	at Methods.BaseMethods.&lt;init&gt;(BaseMethods.java:9)
	at Methods.LoginPageMethods.&lt;init&gt;(LoginPageMethods.java:14)
	at Tests.BaseTest.&lt;init&gt;(BaseTest.java:23)
	at Methods.BaseMethods.&lt;init&gt;(BaseMethods.java:9)
	at Methods.LoginPageMethods.&lt;init&gt;(LoginPageMethods.java:14)
	at Tests.BaseTest.&lt;init&gt;(BaseTest.java:23)
	at Methods.BaseMethods.&lt;init&gt;(BaseMethods.java:9)
	at Methods.LoginPageMethods.&lt;init&gt;(LoginPageMethods.java:14)
	at Tests.BaseTest.&lt;init&gt;(BaseTest.java:23)
	at Methods.BaseMethods.&lt;init&gt;(BaseMethods.java:9)
	at Methods.LoginPageMethods.&lt;init&gt;(LoginPageMethods.java:14)
	at Tests.BaseTest.&lt;init&gt;(BaseTest.java:23)
	at Methods.BaseMethods.&lt;init&gt;(BaseMethods.java:9)
	at Methods.LoginPageMethods.&lt;init&gt;(LoginPageMethods.java:14)
>>>>>>> development
</failure>
  </testcase>
  <system-out><![CDATA[]]></system-out>
  <system-err><![CDATA[]]></system-err>
</testsuite>
