<?xml version="1.0" encoding="UTF-8"?>
<testsuite name="Tests.UserIsAbleCreateNewArticleTest" tests="1" skipped="0" failures="0" errors="0" timestamp="2017-04-25T14:20:13" hostname="zhukov" time="3.415">
  <properties/>
  <testcase name="testUserIsAbleCreateNewArticle" classname="Tests.UserIsAbleCreateNewArticleTest" time="3.415"/>
  <system-out><![CDATA[]]></system-out>
  <system-err><![CDATA[]]></system-err>
</testsuite>
