<?xml version="1.0" encoding="UTF-8"?>
<testsuite name="Tests.UserIsAbleToLoginTest" tests="1" skipped="0" failures="0" errors="0" timestamp="2017-04-25T07:12:35" hostname="zhukov" time="4.428">
  <properties/>
  <testcase name="testLogin" classname="Tests.UserIsAbleToLoginTest" time="4.428"/>
  <system-out><![CDATA[]]></system-out>
  <system-err><![CDATA[]]></system-err>
</testsuite>
