<?xml version="1.0" encoding="UTF-8"?>
<testsuite name="Tests.LoginTest" tests="1" skipped="0" failures="0" errors="0" timestamp="2017-04-20T14:02:45" hostname="zhukov" time="3.871">
  <properties/>
  <testcase name="testLogin" classname="Tests.LoginTest" time="3.871"/>
  <system-out><![CDATA[]]></system-out>
  <system-err><![CDATA[]]></system-err>
</testsuite>
